<?xml version="1.0" encoding="UTF-8"?>
<!-- Generated by org.testng.reporters.JUnitReportReporter -->
<testsuite hostname="LAPTOP-4BD625PF" failures="0" tests="1" name="Academy.HomePageTest" time="0.006" errors="0" timestamp="2021-02-09T11:44:55 PST" skipped="0">
  <testcase classname="Academy.HomePageTest" name="basePageNavigation" time="0.006"/>
  <system-out/>
</testsuite> <!-- Academy.HomePageTest -->
