<?xml version="1.0" encoding="UTF-8"?>
<!-- Generated by org.testng.reporters.JUnitReportReporter -->
<testsuite hostname="LAPTOP-4BD625PF" failures="0" tests="2" name="Academy.AppTest" time="0.022" errors="0" timestamp="2021-02-09T11:44:55 PST" skipped="0">
  <testcase classname="Academy.AppTest" name="shouldAnswerWithFalse" time="0.011"/>
  <system-out/>
  <testcase classname="Academy.AppTest" name="shouldAnswerWithTrue" time="0.011"/>
  <system-out/>
</testsuite> <!-- Academy.AppTest -->
