<?xml version="1.0" encoding="UTF-8"?>
<!-- Generated by org.testng.reporters.JUnitReportReporter -->
<testsuite hostname="LAPTOP-4BD625PF" failures="0" tests="1" name="Academy.AppTest" time="0.008" errors="0" timestamp="2021-02-10T10:15:15 PST" skipped="0">
  <testcase classname="Academy.AppTest" name="shouldAnswerWithFalseTest" time="0.008"/>
  <system-out/>
</testsuite> <!-- Academy.AppTest -->
