<?xml version="1.0" encoding="UTF-8"?>
<!-- Generated by org.testng.reporters.JUnitReportReporter -->
<testsuite hostname="LAPTOP-4BD625PF" failures="0" tests="1" name="Academy.HomePageTest" time="0.001" errors="0" timestamp="2021-02-10T10:15:15 PST" skipped="0">
  <testcase classname="Academy.HomePageTest" name="basePageNavigation" time="0.001"/>
  <system-out/>
</testsuite> <!-- Academy.HomePageTest -->
